<?xml version="1.0" encoding="UTF-8"?>
<!-- Generated by org.testng.reporters.JUnitReportReporter -->
<testsuite hostname="DESKTOP-0SU163F" name="com.capsulecrm.testcase.AddPersonTest" tests="3" failures="0" timestamp="1 Jun 2019 04:49:29 GMT" time="93.474" errors="0">
  <testcase name="verifyAccountSetting" time="26.821" classname="com.capsulecrm.testcase.AddPersonTest"/>
  <testcase name="verifyAccountSetting1" time="45.309" classname="com.capsulecrm.testcase.AddPersonTest"/>
  <testcase name="verifyAddPerson" time="21.344" classname="com.capsulecrm.testcase.AddPersonTest"/>
</testsuite> <!-- com.capsulecrm.testcase.AddPersonTest -->
