<?xml version="1.0" encoding="UTF-8"?>
<!-- Generated by org.testng.reporters.JUnitReportReporter -->
<testsuite hostname="DESKTOP-0SU163F" name="com.capsulecrm.testcase.CapsuleCRMAddPersonTest" tests="3" failures="0" timestamp="1 Jun 2019 06:11:41 GMT" time="83.484" errors="0">
  <testcase name="verifyAddPerson_TC_001" time="26.936" classname="com.capsulecrm.testcase.CapsuleCRMAddPersonTest"/>
  <testcase name="verifyAccountSetting_TC_002" time="37.878" classname="com.capsulecrm.testcase.CapsuleCRMAddPersonTest"/>
  <testcase name="verifyAccountSetting_TC_003" time="18.670" classname="com.capsulecrm.testcase.CapsuleCRMAddPersonTest"/>
</testsuite> <!-- com.capsulecrm.testcase.CapsuleCRMAddPersonTest -->
